<?xml version="1.0" encoding="UTF-8"?>
<testsuite xmlns:xsi="http://www.w3.org/2001/XMLSchema-instance" xsi:noNamespaceSchemaLocation="https://maven.apache.org/surefire/maven-surefire-plugin/xsd/surefire-test-report.xsd" version="3.0.2" name="com.example.Backend.BackendApplicationTests" time="7.251" tests="1" errors="0" skipped="0" failures="0" flakes="0">
  <properties>
[...]
</properties>
  <testcase name="contextLoads" classname="com.example.Backend.BackendApplicationTests" time="0.99">
    <system-out><![CDATA[20:50:53.241 [main] INFO org.springframework.test.context.support.AnnotationConfigContextLoaderUtils -- Could not detect default configuration classes for test class [com.example.Backend.BackendApplicationTests]: BackendApplicationTests does not declare any static, non-private, non-final, nested classes annotated with @Configuration.
20:50:53.386 [main] INFO org.springframework.boot.test.context.SpringBootTestContextBootstrapper -- Found @SpringBootConfiguration com.example.Backend.BackendApplication for test class com.example.Backend.BackendApplicationTests
20:50:53.489 [main] INFO org.springframework.test.context.support.AnnotationConfigContextLoaderUtils -- Could not detect default configuration classes for test class [com.example.Backend.BackendApplicationTests]: BackendApplicationTests does not declare any static, non-private, non-final, nested classes annotated with @Configuration.
20:50:53.491 [main] INFO org.springframework.boot.test.context.SpringBootTestContextBootstrapper -- Found @SpringBootConfiguration com.example.Backend.BackendApplication for test class com.example.Backend.BackendApplicationTests
20:50:53.598 [main] INFO org.springframework.boot.devtools.restart.RestartApplicationListener -- Restart disabled due to context in which it is running

  .   ____          _            __ _ _
 /\\ / ___'_ __ _ _(_)_ __  __ _ \ \ \ \
( ( )\___ | '_ | '_| | '_ \/ _` | \ \ \ \
 \\/  ___)| |_)| | | | | || (_| |  ) ) ) )
  '  |____| .__|_| |_|_| |_\__, | / / / /
 =========|_|==============|___/=/_/_/_/

 :: Spring Boot ::                (v4.1.0)

2026-08-05T20:50:53.953+05:30  WARN 14272 --- [Backend] [           main] ory$DuplicateJsonObjectContextCustomizer : 

Found multiple occurrences of org.json.JSONObject on the class path:

	jar:file:/C:/Users/drajy/.m2/repository/org/json/json/20180130/json-20180130.jar!/org/json/JSONObject.class
	jar:file:/C:/Users/drajy/.m2/repository/com/vaadin/external/google/android-json/0.0.20131108.vaadin1/android-json-0.0.20131108.vaadin1.jar!/org/json/JSONObject.class

You may wish to exclude one of them to ensure predictable runtime behavior

2026-08-05T20:50:53.966+05:30  INFO 14272 --- [Backend] [           main] c.e.Backend.BackendApplicationTests      : Starting BackendApplicationTests using Java 21.0.9 with PID 14272 (started by drajy in C:\Users\drajy\Downloads\Backend)
2026-08-05T20:50:53.968+05:30  INFO 14272 --- [Backend] [           main] c.e.Backend.BackendApplicationTests      : No active profile set, falling back to 1 default profile: "default"
2026-08-05T20:50:54.825+05:30  INFO 14272 --- [Backend] [           main] .s.d.r.c.RepositoryConfigurationDelegate : Bootstrapping Spring Data MongoDB repositories in DEFAULT mode.
2026-08-05T20:50:54.892+05:30  INFO 14272 --- [Backend] [           main] .s.d.r.c.RepositoryConfigurationDelegate : Finished Spring Data repository scanning in 58 ms. Found 2 MongoDB repository interfaces.
2026-08-05T20:50:56.810+05:30  INFO 14272 --- [Backend] [           main] org.mongodb.driver.client                : MongoClient with metadata {"application": {"name": "Greetings"}, "driver": {"name": "mongo-java-driver|spring-boot|sync", "version": "5.8.0"}, "os": {"type": "Windows", "name": "Windows 11", "architecture": "amd64", "version": "10.0"}, "platform": "Java/Eclipse Adoptium/21.0.9+10-LTS"} created with settings MongoClientSettings{readPreference=primary, writeConcern=WriteConcern{w=null, wTimeout=null ms, journal=null}, retryWrites=true, retryReads=true, readConcern=ReadConcern{level=null}, credential=MongoCredential{mechanism=null, userName='lakshmidusanapudi10', source='admin', password=<hidden>, mechanismProperties=<hidden>}, transportSettings=null, commandListeners=[], codecRegistry=ProvidersCodecRegistry{codecProviders=[ValueCodecProvider{}, BsonValueCodecProvider{}, DBRefCodecProvider{}, DBObjectCodecProvider{}, DocumentCodecProvider{}, CollectionCodecProvider{}, IterableCodecProvider{}, MapCodecProvider{}, GeoJsonCodecProvider{}, GridFSFileCodecProvider{}, Jsr310CodecProvider{}, JsonObjectCodecProvider{}, BsonCodecProvider{}, com.mongodb.client.model.mql.ExpressionCodecProvider@60b1ff3b, com.mongodb.Jep395RecordCodecProvider@374c3975, com.mongodb.KotlinCodecProvider@43c39321, EnumCodecProvider{}]}, loggerSettings=LoggerSettings{maxDocumentLength=1000}, clusterSettings={hosts=[127.0.0.1:27017], srvHost=greetings.0twxm7t.mongodb.net, srvServiceName=mongodb, mode=MULTIPLE, requiredClusterType=REPLICA_SET, requiredReplicaSetName='atlas-ttcozl-shard-0', serverSelector='null', clusterListeners='[]', serverSelectionTimeout='30000 ms', localThreshold='15 ms'}, socketSettings=SocketSettings{connectTimeoutMS=10000, readTimeoutMS=0, receiveBufferSize=0, proxySettings=ProxySettings{host=null, port=null, username=null, password=null}}, heartbeatSocketSettings=SocketSettings{connectTimeoutMS=10000, readTimeoutMS=10000, receiveBufferSize=0, proxySettings=ProxySettings{host=null, port=null, username=null, password=null}}, connectionPoolSettings=ConnectionPoolSettings{maxSize=100, minSize=0, maxWaitTimeMS=120000, maxConnectionLifeTimeMS=0, maxConnectionIdleTimeMS=0, maintenanceInitialDelayMS=0, maintenanceFrequencyMS=60000, connectionPoolListeners=[], maxConnecting=2}, serverSettings=ServerSettings{heartbeatFrequencyMS=10000, minHeartbeatFrequencyMS=500, serverMonitoringMode=AUTO, serverListeners='[]', serverMonitorListeners='[]'}, sslSettings=SslSettings{enabled=true, invalidHostNameAllowed=false, context=null}, applicationName='Greetings', compressorList=[], uuidRepresentation=UNSPECIFIED, serverApi=null, autoEncryptionSettings=null, dnsClient=null, inetAddressResolver=null, contextProvider=null, timeoutMS=null}
2026-08-05T20:50:56.838+05:30  INFO 14272 --- [Backend] [m7t.mongodb.net] org.mongodb.driver.cluster               : Adding discovered server ac-fssot0b-shard-00-02.0twxm7t.mongodb.net:27017 to client view of cluster
2026-08-05T20:50:56.864+05:30  INFO 14272 --- [Backend] [m7t.mongodb.net] org.mongodb.driver.cluster               : Adding discovered server ac-fssot0b-shard-00-01.0twxm7t.mongodb.net:27017 to client view of cluster
2026-08-05T20:50:56.864+05:30  INFO 14272 --- [Backend] [m7t.mongodb.net] org.mongodb.driver.cluster               : Adding discovered server ac-fssot0b-shard-00-00.0twxm7t.mongodb.net:27017 to client view of cluster
2026-08-05T20:50:57.484+05:30  INFO 14272 --- [Backend] [           main] eAuthenticationProviderManagerConfigurer : Global AuthenticationManager configured with AuthenticationProvider bean with name authenticationProvider
2026-08-05T20:50:57.489+05:30  WARN 14272 --- [Backend] [           main] r$InitializeUserDetailsManagerConfigurer : Global AuthenticationManager configured with an AuthenticationProvider bean. UserDetailsService beans will not be used by Spring Security for automatically configuring username/password login. Consider removing the AuthenticationProvider bean. Alternatively, consider using the UserDetailsService in a manually instantiated DaoAuthenticationProvider. If the current configuration is intentional, to turn off this warning, increase the logging level of 'org.springframework.security.config.annotation.authentication.configuration.InitializeUserDetailsBeanManagerConfigurer' to ERROR
2026-08-05T20:50:57.701+05:30  INFO 14272 --- [Backend] [ngodb.net:27017] org.mongodb.driver.cluster               : Monitor thread successfully connected to server with description ServerDescription{address=ac-fssot0b-shard-00-02.0twxm7t.mongodb.net:27017, type=REPLICA_SET_SECONDARY, cryptd=false, state=CONNECTED, ok=true, minWireVersion=0, maxWireVersion=25, maxDocumentSize=16777216, logicalSessionTimeoutMinutes=30, roundTripTimeNanos=464562900, minRoundTripTimeNanos=0, setName='atlas-ttcozl-shard-0', canonicalAddress=ac-fssot0b-shard-00-02.0twxm7t.mongodb.net:27017, hosts=[ac-fssot0b-shard-00-00.0twxm7t.mongodb.net:27017, ac-fssot0b-shard-00-01.0twxm7t.mongodb.net:27017, ac-fssot0b-shard-00-02.0twxm7t.mongodb.net:27017], passives=[], arbiters=[], primary='ac-fssot0b-shard-00-01.0twxm7t.mongodb.net:27017', tagSet=TagSet{[Tag{name='availabilityZone', value='aps1-az2'}, Tag{name='cacheState', value='READY'}, Tag{name='diskState', value='READY'}, Tag{name='nodeType', value='ELECTABLE'}, Tag{name='provider', value='AWS'}, Tag{name='region', value='AP_SOUTH_1'}, Tag{name='workloadType', value='OPERATIONAL'}]}, electionId=null, setVersion=294, topologyVersion=TopologyVersion{processId=6a67878cc198843632e817e6, counter=9}, lastWriteDate=Wed Aug 05 20:50:57 IST 2026, lastUpdateTimeNanos=79278770039100}
2026-08-05T20:50:57.701+05:30  INFO 14272 --- [Backend] [ngodb.net:27017] org.mongodb.driver.cluster               : Monitor thread successfully connected to server with description ServerDescription{address=ac-fssot0b-shard-00-01.0twxm7t.mongodb.net:27017, type=REPLICA_SET_PRIMARY, cryptd=false, state=CONNECTED, ok=true, minWireVersion=0, maxWireVersion=25, maxDocumentSize=16777216, logicalSessionTimeoutMinutes=30, roundTripTimeNanos=464563000, minRoundTripTimeNanos=0, setName='atlas-ttcozl-shard-0', canonicalAddress=ac-fssot0b-shard-00-01.0twxm7t.mongodb.net:27017, hosts=[ac-fssot0b-shard-00-00.0twxm7t.mongodb.net:27017, ac-fssot0b-shard-00-01.0twxm7t.mongodb.net:27017, ac-fssot0b-shard-00-02.0twxm7t.mongodb.net:27017], passives=[], arbiters=[], primary='ac-fssot0b-shard-00-01.0twxm7t.mongodb.net:27017', tagSet=TagSet{[Tag{name='availabilityZone', value='aps1-az3'}, Tag{name='cacheState', value='READY'}, Tag{name='diskState', value='READY'}, Tag{name='nodeType', value='ELECTABLE'}, Tag{name='provider', value='AWS'}, Tag{name='region', value='AP_SOUTH_1'}, Tag{name='workloadType', value='OPERATIONAL'}]}, electionId=7fffffff000000000000014f, setVersion=294, topologyVersion=TopologyVersion{processId=6a6784cc67a8aee2e6c0642a, counter=12}, lastWriteDate=Wed Aug 05 20:50:57 IST 2026, lastUpdateTimeNanos=79278770039100}
2026-08-05T20:50:57.705+05:30  INFO 14272 --- [Backend] [ngodb.net:27017] org.mongodb.driver.cluster               : Discovered replica set primary ac-fssot0b-shard-00-01.0twxm7t.mongodb.net:27017 with max election id 7fffffff000000000000014f and max set version 294
2026-08-05T20:50:57.950+05:30  INFO 14272 --- [Backend] [ngodb.net:27017] org.mongodb.driver.cluster               : Monitor thread successfully connected to server with description ServerDescription{address=ac-fssot0b-shard-00-00.0twxm7t.mongodb.net:27017, type=REPLICA_SET_SECONDARY, cryptd=false, state=CONNECTED, ok=true, minWireVersion=0, maxWireVersion=25, maxDocumentSize=16777216, logicalSessionTimeoutMinutes=30, roundTripTimeNanos=152132300, minRoundTripTimeNanos=0, setName='atlas-ttcozl-shard-0', canonicalAddress=ac-fssot0b-shard-00-00.0twxm7t.mongodb.net:27017, hosts=[ac-fssot0b-shard-00-00.0twxm7t.mongodb.net:27017, ac-fssot0b-shard-00-01.0twxm7t.mongodb.net:27017, ac-fssot0b-shard-00-02.0twxm7t.mongodb.net:27017], passives=[], arbiters=[], primary='ac-fssot0b-shard-00-01.0twxm7t.mongodb.net:27017', tagSet=TagSet{[Tag{name='availabilityZone', value='aps1-az1'}, Tag{name='cacheState', value='READY'}, Tag{name='diskState', value='READY'}, Tag{name='nodeType', value='ELECTABLE'}, Tag{name='provider', value='AWS'}, Tag{name='region', value='AP_SOUTH_1'}, Tag{name='workloadType', value='OPERATIONAL'}]}, electionId=null, setVersion=294, topologyVersion=TopologyVersion{processId=6a6781eabb33ae42bcc3439b, counter=10}, lastWriteDate=Wed Aug 05 20:50:57 IST 2026, lastUpdateTimeNanos=79279022376600}
2026-08-05T20:50:58.546+05:30  INFO 14272 --- [Backend] [           main] c.e.Backend.BackendApplicationTests      : Started BackendApplicationTests in 4.958 seconds (process running for 6.578)
✅ Super Admin Already Exists
]]></system-out>
    <system-err><![CDATA[Mockito is currently self-attaching to enable the inline-mock-maker. This will no longer work in future releases of the JDK. Please add Mockito as an agent to your build as described in Mockito's documentation: https://javadoc.io/doc/org.mockito/mockito-core/latest/org.mockito/org/mockito/Mockito.html#0.3
WARNING: A Java agent has been loaded dynamically (C:\Users\drajy\.m2\repository\net\bytebuddy\byte-buddy-agent\1.18.10\byte-buddy-agent-1.18.10.jar)
WARNING: If a serviceability tool is in use, please run with -XX:+EnableDynamicAgentLoading to hide this warning
WARNING: If a serviceability tool is not in use, please run with -Djdk.instrument.traceUsage for more information
WARNING: Dynamic loading of agents will be disallowed by default in a future release
]]></system-err>
  </testcase>
</testsuite>